# JRE version: OpenJDK Runtime Environment (11.0.8+10) (build 11.0.8+10-b944.6842174)
# Java VM: OpenJDK 64-Bit Server VM (11.0.8+10-b944.6842174, mixed mode, tiered, compressed oops, g1 gc, windows-amd64)
Heap:
 garbage-first heap   total 262144K, used 146803K [0x0000000080000000, 0x0000000100000000)
  region size 1024K, 100 young (102400K), 15 survivors (15360K)
 Metaspace       used 80237K, capacity 82442K, committed 82688K, reserved 1120256K
  class space    used 10424K, capacity 11232K, committed 11264K, reserved 1048576K
GC Heap History (18 events):
Event: 8.571 GC heap before
{Heap before GC invocations=0 (full 0):
 garbage-first heap   total 262144K, used 29696K [0x0000000080000000, 0x0000000100000000)
  region size 1024K, 24 young (24576K), 0 survivors (0K)
 Metaspace       used 10675K, capacity 10996K, committed 11264K, reserved 1058816K
  class space    used 1130K, capacity 1200K, committed 1280K, reserved 1048576K
}
Event: 8.578 GC heap after
{Heap after GC invocations=1 (full 0):
 garbage-first heap   total 262144K, used 8829K [0x0000000080000000, 0x0000000100000000)
  region size 1024K, 3 young (3072K), 3 survivors (3072K)
 Metaspace       used 10675K, capacity 10996K, committed 11264K, reserved 1058816K
  class space    used 1130K, capacity 1200K, committed 1280K, reserved 1048576K
}
Event: 25.800 GC heap before
{Heap before GC invocations=1 (full 0):
 garbage-first heap   total 262144K, used 92797K [0x0000000080000000, 0x0000000100000000)
  region size 1024K, 87 young (89088K), 3 survivors (3072K)
 Metaspace       used 20599K, capacity 21095K, committed 21248K, reserved 1067008K
  class space    used 2526K, capacity 2712K, committed 2816K, reserved 1048576K
}
Event: 25.809 GC heap after
{Heap after GC invocations=2 (full 0):
 garbage-first heap   total 262144K, used 15974K [0x0000000080000000, 0x0000000100000000)
  region size 1024K, 10 young (10240K), 10 survivors (10240K)
 Metaspace       used 20599K, capacity 21095K, committed 21248K, reserved 1067008K
  class space    used 2526K, capacity 2712K, committed 2816K, reserved 1048576K
}
Event: 26.117 GC heap before
{Heap before GC invocations=3 (full 0):
 garbage-first heap   total 262144K, used 48742K [0x0000000080000000, 0x0000000100000000)
  region size 1024K, 42 young (43008K), 10 survivors (10240K)
 Metaspace       used 24286K, capacity 24922K, committed 25216K, reserved 1071104K
  class space    used 3113K, capacity 3331K, committed 3456K, reserved 1048576K
}
Event: 26.123 GC heap after
{Heap after GC invocations=4 (full 0):
 garbage-first heap   total 262144K, used 17916K [0x0000000080000000, 0x0000000100000000)
  region size 1024K, 2 young (2048K), 2 survivors (2048K)
 Metaspace       used 24286K, capacity 24922K, committed 25216K, reserved 1071104K
  class space    used 3113K, capacity 3331K, committed 3456K, reserved 1048576K
}
Event: 26.973 GC heap before
{Heap before GC invocations=4 (full 0):
 garbage-first heap   total 262144K, used 84476K [0x0000000080000000, 0x0000000100000000)
  region size 1024K, 68 young (69632K), 2 survivors (2048K)
 Metaspace       used 35049K, capacity 35803K, committed 35840K, reserved 1081344K
  class space    used 4560K, capacity 4854K, committed 4864K, reserved 1048576K
}
Event: 26.980 GC heap after
{Heap after GC invocations=5 (full 0):
 garbage-first heap   total 262144K, used 21404K [0x0000000080000000, 0x0000000100000000)
  region size 1024K, 6 young (6144K), 6 survivors (6144K)
 Metaspace       used 35049K, capacity 35803K, committed 35840K, reserved 1081344K
  class space    used 4560K, capacity 4854K, committed 4864K, reserved 1048576K
}
Event: 27.865 GC heap before
{Heap before GC invocations=6 (full 0):
 garbage-first heap   total 262144K, used 113564K [0x0000000080000000, 0x0000000100000000)
  region size 1024K, 93 young (95232K), 6 survivors (6144K)
 Metaspace       used 43193K, capacity 44224K, committed 44416K, reserved 1087488K
  class space    used 5558K, capacity 5933K, committed 6016K, reserved 1048576K
}
Event: 27.872 GC heap after
{Heap after GC invocations=7 (full 0):
 garbage-first heap   total 262144K, used 26161K [0x0000000080000000, 0x0000000100000000)
  region size 1024K, 10 young (10240K), 10 survivors (10240K)
 Metaspace       used 43193K, capacity 44224K, committed 44416K, reserved 1087488K
  class space    used 5558K, capacity 5933K, committed 6016K, reserved 1048576K
}
Event: 50.950 GC heap before
{Heap before GC invocations=7 (full 0):
 garbage-first heap   total 262144K, used 166449K [0x0000000080000000, 0x0000000100000000)
  region size 1024K, 142 young (145408K), 10 survivors (10240K)
 Metaspace       used 53050K, capacity 54421K, committed 54656K, reserved 1097728K
  class space    used 6728K, capacity 7197K, committed 7296K, reserved 1048576K
}
Event: 50.963 GC heap after
{Heap after GC invocations=8 (full 0):
 garbage-first heap   total 262144K, used 42869K [0x0000000080000000, 0x0000000100000000)
  region size 1024K, 18 young (18432K), 18 survivors (18432K)
 Metaspace       used 53050K, capacity 54421K, committed 54656K, reserved 1097728K
  class space    used 6728K, capacity 7197K, committed 7296K, reserved 1048576K
}
Event: 51.556 GC heap before
{Heap before GC invocations=8 (full 0):
 garbage-first heap   total 262144K, used 90997K [0x0000000080000000, 0x0000000100000000)
  region size 1024K, 66 young (67584K), 18 survivors (18432K)
 Metaspace       used 58617K, capacity 60040K, committed 60160K, reserved 1101824K
  class space    used 7435K, capacity 7968K, committed 8064K, reserved 1048576K
}
Event: 51.578 GC heap after
{Heap after GC invocations=9 (full 0):
 garbage-first heap   total 262144K, used 48928K [0x0000000080000000, 0x0000000100000000)
  region size 1024K, 6 young (6144K), 6 survivors (6144K)
 Metaspace       used 58617K, capacity 60040K, committed 60160K, reserved 1101824K
  class space    used 7435K, capacity 7968K, committed 8064K, reserved 1048576K
}
Event: 52.627 GC heap before
{Heap before GC invocations=10 (full 0):
 garbage-first heap   total 262144K, used 150304K [0x0000000080000000, 0x0000000100000000)
  region size 1024K, 105 young (107520K), 6 survivors (6144K)
 Metaspace       used 67415K, capacity 68944K, committed 69248K, reserved 1110016K
  class space    used 8723K, capacity 9284K, committed 9344K, reserved 1048576K
}
Event: 52.635 GC heap after
{Heap after GC invocations=11 (full 0):
 garbage-first heap   total 262144K, used 54509K [0x0000000080000000, 0x0000000100000000)
  region size 1024K, 11 young (11264K), 11 survivors (11264K)
 Metaspace       used 67415K, capacity 68944K, committed 69248K, reserved 1110016K
  class space    used 8723K, capacity 9284K, committed 9344K, reserved 1048576K
}
Event: 53.867 GC heap before
{Heap before GC invocations=11 (full 0):
 garbage-first heap   total 262144K, used 159981K [0x0000000080000000, 0x0000000100000000)
  region size 1024K, 115 young (117760K), 11 survivors (11264K)
 Metaspace       used 78707K, capacity 80658K, committed 80896K, reserved 1120256K
  class space    used 10253K, capacity 10966K, committed 11008K, reserved 1048576K
}
Event: 53.877 GC heap after
{Heap after GC invocations=12 (full 0):
 garbage-first heap   total 262144K, used 61811K [0x0000000080000000, 0x0000000100000000)
  region size 1024K, 15 young (15360K), 15 survivors (15360K)
 Metaspace       used 78707K, capacity 80658K, committed 80896K, reserved 1120256K
  class space    used 10253K, capacity 10966K, committed 11008K, reserved 1048576K
}

